<?xml version="1.0" encoding="UTF-8"?>
<!-- Generated by org.testng.reporters.JUnitReportReporter -->
<testsuite hostname="Lokesh" failures="0" tests="1" name="com.assignment.tests.DreamPortalTest" time="5.954" errors="0" timestamp="2025-09-24T20:06:18 IST" skipped="0">
  <testcase classname="com.assignment.tests.DreamPortalTest" name="testDreamPortalFunctionality" time="5.954"/>
  <system-out/>
</testsuite> <!-- com.assignment.tests.DreamPortalTest -->
